<?xml version="1.0" encoding="UTF-8"?>
<!-- Generated by org.testng.reporters.JUnitReportReporter -->
<testsuite skipped="0" hostname="V2IT01" name="Driver_Started_Candidate_Module.Candidate_Driver_Class" tests="15" failures="0" timestamp="25 Apr 2019 09:52:44 GMT" time="188.642" errors="1">
  <testcase name="Candidate_Assessment_Exam_Center_Testcase" time="7.631" classname="Driver_Started_Candidate_Module.Candidate_Driver_Class"/>
  <testcase name="teardown" time="1.455" classname="Driver_Started_Candidate_Module.Candidate_Driver_Class">
    <error type="org.apache.commons.mail.EmailException" message="Sending the email to the following server failed : mail.veetechnologies.com:465">
      <![CDATA[org.apache.commons.mail.EmailException: Sending the email to the following server failed : mail.veetechnologies.com:465
at org.apache.commons.mail.Email.sendMimeMessage(Email.java:1421)
at org.apache.commons.mail.Email.send(Email.java:1448)
at Driver_Started_Candidate_Module.Candidate_Driver_Class.teardown(Candidate_Driver_Class.java:468)
at sun.reflect.NativeMethodAccessorImpl.invoke0(Native Method)
at sun.reflect.NativeMethodAccessorImpl.invoke(Unknown Source)
at sun.reflect.DelegatingMethodAccessorImpl.invoke(Unknown Source)
at java.lang.reflect.Method.invoke(Unknown Source)
at org.testng.internal.MethodInvocationHelper.invokeMethod(MethodInvocationHelper.java:124)
at org.testng.internal.MethodInvocationHelper.invokeMethodConsideringTimeout(MethodInvocationHelper.java:59)
at org.testng.internal.Invoker.invokeConfigurationMethod(Invoker.java:455)
at org.testng.internal.Invoker.invokeConfigurations(Invoker.java:222)
at org.testng.internal.Invoker.invokeConfigurations(Invoker.java:142)
at org.testng.SuiteRunner.privateRun(SuiteRunner.java:425)
at org.testng.SuiteRunner.run(SuiteRunner.java:364)
at org.testng.SuiteRunnerWorker.runSuite(SuiteRunnerWorker.java:52)
at org.testng.SuiteRunnerWorker.run(SuiteRunnerWorker.java:84)
at org.testng.TestNG.runSuitesSequentially(TestNG.java:1208)
at org.testng.TestNG.runSuitesLocally(TestNG.java:1137)
at org.testng.TestNG.runSuites(TestNG.java:1049)
at org.testng.TestNG.run(TestNG.java:1017)
at org.testng.remote.AbstractRemoteTestNG.run(AbstractRemoteTestNG.java:114)
at org.testng.remote.RemoteTestNG.initAndRun(RemoteTestNG.java:251)
at org.testng.remote.RemoteTestNG.main(RemoteTestNG.java:77)
Caused by: com.sun.mail.util.MailConnectException: Couldn't connect to host, port: mail.veetechnologies.com, 465; timeout 60000;
  nested exception is:
java.net.UnknownHostException: mail.veetechnologies.com
at com.sun.mail.smtp.SMTPTransport.openServer(SMTPTransport.java:2209)
at com.sun.mail.smtp.SMTPTransport.protocolConnect(SMTPTransport.java:740)
at javax.mail.Service.connect(Service.java:388)
at javax.mail.Service.connect(Service.java:246)
at javax.mail.Service.connect(Service.java:195)
at javax.mail.Transport.send0(Transport.java:254)
at javax.mail.Transport.send(Transport.java:124)
at org.apache.commons.mail.Email.sendMimeMessage(Email.java:1411)
... 22 more
Caused by: java.net.UnknownHostException: mail.veetechnologies.com
at java.net.AbstractPlainSocketImpl.connect(Unknown Source)
at java.net.PlainSocketImpl.connect(Unknown Source)
at java.net.SocksSocketImpl.connect(Unknown Source)
at java.net.Socket.connect(Unknown Source)
at com.sun.mail.util.SocketFetcher.createSocket(SocketFetcher.java:357)
at com.sun.mail.util.SocketFetcher.getSocket(SocketFetcher.java:217)
at com.sun.mail.smtp.SMTPTransport.openServer(SMTPTransport.java:2175)
... 29 more
]]>
    </error>
  </testcase> <!-- teardown -->
  <testcase name="Candidate_pooled_campus_registration_Testcase" time="6.398" classname="Driver_Started_Candidate_Module.Candidate_Driver_Class"/>
  <testcase name="Candidate_Assessment_Usermapping_Testcase" time="10.536" classname="Driver_Started_Candidate_Module.Candidate_Driver_Class"/>
  <testcase name="Candidate_Assessment_Exam_Testcase" time="9.322" classname="Driver_Started_Candidate_Module.Candidate_Driver_Class"/>
  <testcase name="Candidate_login_Testcase" time="15.398" classname="Driver_Started_Candidate_Module.Candidate_Driver_Class"/>
  <testcase name="Candidate_Myprofile_Testcase" time="49.408" classname="Driver_Started_Candidate_Module.Candidate_Driver_Class"/>
  <testcase name="Candidate_Takeonline_Assessment_Testcase" time="3.626" classname="Driver_Started_Candidate_Module.Candidate_Driver_Class"/>
  <testcase name="Candidate_Mock_assessment_testcase" time="3.598" classname="Driver_Started_Candidate_Module.Candidate_Driver_Class"/>
  <testcase name="Candidate_Current_openings_testcase" time="3.529" classname="Driver_Started_Candidate_Module.Candidate_Driver_Class"/>
  <testcase name="Candidate_Current_Walkins_testcase" time="4.294" classname="Driver_Started_Candidate_Module.Candidate_Driver_Class"/>
  <testcase name="Candidate_Search_jobs_testcase" time="3.869" classname="Driver_Started_Candidate_Module.Candidate_Driver_Class"/>
  <testcase name="Candidate_Invite_friends_testcase" time="3.553" classname="Driver_Started_Candidate_Module.Candidate_Driver_Class"/>
  <testcase name="Candidate_feedback_and_logout_Testcase" time="33.617" classname="Driver_Started_Candidate_Module.Candidate_Driver_Class"/>
  <testcase name="Candidate_Change_Password_testcase" time="32.408" classname="Driver_Started_Candidate_Module.Candidate_Driver_Class"/>
</testsuite> <!-- Driver_Started_Candidate_Module.Candidate_Driver_Class -->
